Loaded Route: gemma 2 9B it (GET)
Loaded Route: goody (GET)
Loaded Route: Grok (GET)
Loaded Route: TypeGPT (GET)
Loaded Route: WebPilot (GET)
Loaded Route: Anime GIF (GET)
Loaded Route: Anime Image (GET)
Loaded Route: Blue Archive (GET)
Loaded Route: neko (GET)
Loaded Route: waifu (GET)
Loaded Route: Facebook Downloader (GET)
Loaded Route: Instagram Downloader (GET)
Loaded Route: Pinterest Downloader (GET)
Loaded Route: Spotify Downloader (GET)
Loaded Route: Spotify Downloader V2 (GET)
Loaded Route: Threads Downloader (GET)
Loaded Route: TikTok Downloader (GET)
Loaded Route: TikTok Downloader V2 (GET)
Loaded Route: Video Downloader (GET)
Loaded Route: X Downloader (GET)
Loaded Route: YouTube Downloader (GET)
Loaded Route: YouTube Downloader V2 (GET)
Loaded Route: flux pro v1.1 ultra (GET)
Loaded Route: fotor (GET)
Loaded Route: Magic Studio (GET)
Loaded Route: pollinations (GET)
Loaded Route: Advice (GET)
Loaded Route: Blue lock Edit (GET)
Loaded Route: Cat Fact (GET)
Loaded Route: Cat Image (GET)
Loaded Route: Cosplay (Video) (GET)
Loaded Route: Dog Image (GET)
Loaded Route: Genshin Impact Edit (GET)
Loaded Route: Honkai Edit (GET)
Loaded Route: Joke (GET)
Loaded Route: Quiz (GET)
Loaded Route: Quote (GET)
Loaded Route: Recipe (GET)
Loaded Route: Shoti (GET)
Loaded Route: Wuwa Edit (GET)
Loaded Route: Gen (GET)
Loaded Route: Gen V2 (GET)
Loaded Route: Inbox (GET)
Loaded Route: Inbox V2 (GET)
Loaded Route: Background Remover (GET)
Loaded Route: Catbox Uploader (GET)
Loaded Route: Image Colorizer (GET)
Loaded Route: pastebin (GET)
Loaded Route: Old Photo Restoration (GET)
Loaded Route: website screenshot (GET)
Loaded Route: Upscale Image (GET)
Load Complete! ✓
Total Routes Loaded: 51
Server is running on port 4000
